Using pre-set license
Built from '2020.3/staging' branch; Version is '2020.3.22f1 (e1a7f79fd887) revision 14788599'; Using compiler version '192528614'; Build Type 'Release'
OS: 'Windows 10 Pro; OS build 19043.1348; Version 2009; 64bit' Language: 'en' Physical Memory: 15776 MB
BatchMode: 1, IsHumanControllingUs: 0, StartBugReporterOnCrash: 0, Is64bit: 1, IsPro: 0

COMMAND LINE ARGUMENTS:
C:\Program Files\Unity\Hub\Editor\2020.3.22f1\Editor\Unity.exe
-adb2
-batchMode
-noUpm
-name
AssetImportWorker0
-projectPath
C:/Class/Prototype 5/Prototype 5
-logFile
Logs/AssetImportWorker0.log
-srvPort
61297
Successfully changed project path to: C:/Class/Prototype 5/Prototype 5
C:/Class/Prototype 5/Prototype 5
Using Asset Import Pipeline V2.
Refreshing native plugins compatible for Editor in 28.25 ms, found 2 plugins.
Preloading 0 native plugins for Editor in 0.00 ms.
Initialize engine version: 2020.3.22f1 (e1a7f79fd887)
[Subsystems] Discovering subsystems at path C:/Program Files/Unity/Hub/Editor/2020.3.22f1/Editor/Data/Resources/UnitySubsystems
[Subsystems] Discovering subsystems at path C:/Class/Prototype 5/Prototype 5/Assets
GfxDevice: creating device client; threaded=0
Direct3D:
    Version:  Direct3D 11.0 [level 11.1]
    Renderer: NVIDIA GeForce RTX 3070 Laptop GPU (ID=0x249d)
    Vendor:   
    VRAM:     8044 MB
    Driver:   30.0.14.9649
Initialize mono
Mono path[0] = 'C:/Program Files/Unity/Hub/Editor/2020.3.22f1/Editor/Data/Managed'
Mono path[1] = 'C:/Program Files/Unity/Hub/Editor/2020.3.22f1/Editor/Data/MonoBleedingEdge/lib/mono/unityjit'
Mono config path = 'C:/Program Files/Unity/Hub/Editor/2020.3.22f1/Editor/Data/MonoBleedingEdge/etc'
Using monoOptions --debugger-agent=transport=dt_socket,embedding=1,server=y,suspend=n,address=127.0.0.1:56144
Begin MonoManager ReloadAssembly
Registering precompiled unity dll's ...
Register platform support module: C:/Program Files/Unity/Hub/Editor/2020.3.22f1/Editor/Data/PlaybackEngines/WindowsStandaloneSupport/UnityEditor.WindowsStandalone.Extensions.dll
Registered in 0.001348 seconds.
Native extension for WindowsStandalone target not found
Refreshing native plugins compatible for Editor in 28.26 ms, found 2 plugins.
Preloading 0 native plugins for Editor in 0.00 ms.
Mono: successfully reloaded assembly
- Completed reload, in  0.786 seconds
Domain Reload Profiling:
	ReloadAssembly (786ms)
		BeginReloadAssembly (40ms)
			ExecutionOrderSort (0ms)
			DisableScriptedObjects (0ms)
			BackupInstance (0ms)
			ReleaseScriptingObjects (0ms)
			CreateAndSetChildDomain (1ms)
		EndReloadAssembly (332ms)
			LoadAssemblies (39ms)
			RebuildTransferFunctionScriptingTraits (0ms)
			SetupTypeCache (109ms)
			ReleaseScriptCaches (0ms)
			RebuildScriptCaches (20ms)
			SetupLoadedEditorAssemblies (128ms)
				LogAssemblyErrors (0ms)
				InitializePlatformSupportModulesInManaged (3ms)
				SetLoadedEditorAssemblies (0ms)
				RefreshPlugins (28ms)
				BeforeProcessingInitializeOnLoad (6ms)
				ProcessInitializeOnLoadAttributes (66ms)
				ProcessInitializeOnLoadMethodAttributes (23ms)
				AfterProcessingInitializeOnLoad (0ms)
				EditorAssembliesLoaded (0ms)
			ExecutionOrderSort2 (0ms)
			AwakeInstancesAfterBackupRestoration (0ms)
Platform modules already initialized, skipping
Registering precompiled user dll's ...
Registered in 0.003223 seconds.
Begin MonoManager ReloadAssembly
Native extension for WindowsStandalone target not found
Refreshing native plugins compatible for Editor in 0.36 ms, found 2 plugins.
Preloading 0 native plugins for Editor in 0.00 ms.
Mono: successfully reloaded assembly
- Completed reload, in  0.822 seconds
Domain Reload Profiling:
	ReloadAssembly (823ms)
		BeginReloadAssembly (106ms)
			ExecutionOrderSort (0ms)
			DisableScriptedObjects (4ms)
			BackupInstance (0ms)
			ReleaseScriptingObjects (0ms)
			CreateAndSetChildDomain (16ms)
		EndReloadAssembly (667ms)
			LoadAssemblies (71ms)
			RebuildTransferFunctionScriptingTraits (0ms)
			SetupTypeCache (250ms)
			ReleaseScriptCaches (0ms)
			RebuildScriptCaches (29ms)
			SetupLoadedEditorAssemblies (244ms)
				LogAssemblyErrors (0ms)
				InitializePlatformSupportModulesInManaged (4ms)
				SetLoadedEditorAssemblies (0ms)
				RefreshPlugins (0ms)
				BeforeProcessingInitializeOnLoad (44ms)
				ProcessInitializeOnLoadAttributes (181ms)
				ProcessInitializeOnLoadMethodAttributes (8ms)
				AfterProcessingInitializeOnLoad (5ms)
				EditorAssembliesLoaded (0ms)
			ExecutionOrderSort2 (0ms)
			AwakeInstancesAfterBackupRestoration (5ms)
Platform modules already initialized, skipping
========================================================================
Worker process is ready to serve import requests
Launched and connected shader compiler UnityShaderCompiler.exe after 0.04 seconds
Refreshing native plugins compatible for Editor in 0.34 ms, found 2 plugins.
Preloading 0 native plugins for Editor in 0.00 ms.
Unloading 1505 Unused Serialized files (Serialized files now loaded: 0)
System memory in use before: 70.7 MB.
System memory in use after: 70.7 MB.

Unloading 19 unused Assets to reduce memory usage. Loaded Objects now: 1937.
Total: 2.388500 ms (FindLiveObjects: 0.125700 ms CreateObjectMapping: 0.031200 ms MarkObjects: 2.172000 ms  DeleteObjects: 0.058900 ms)

AssetImportParameters requested are different than current active one (requested -> active):
  custom:framework-win-MediaFoundation: 216162199b28c13a410421893ffa2e32 -> 
  custom:video-decoder-ogg-theora: a1e56fd34408186e4bbccfd4996cb3dc -> 
  custom:container-muxer-webm: aa71ff27fc2769a1b78a27578f13a17b -> 
  custom:container-demuxer-webm: 4f35f7cbe854078d1ac9338744f61a02 -> 
  custom:container-demuxer-ogg: 62fdf1f143b41e24485cea50d1cbac27 -> 
  custom:video-encoder-webm-vp8: eb34c28f22e8b96e1ab97ce403110664 -> 
  custom:video-decoder-webm-vp8: 9c59270c3fd7afecdb556c50c9e8de78 -> 
  custom:audio-decoder-ogg-vorbis: bf7c407c2cedff20999df2af8eb42d56 -> 
  custom:audio-encoder-webm-vorbis: bf7c407c2cedff20999df2af8eb42d56 -> 
========================================================================
Received Import Request.
  path: Assets/Prefabs/Ball_American_01.prefab
  artifactKey: Guid(b8da7a7a51800eb42b8b50c182b6be12) Importer(815301076,1909f56bfc062723c751e8b465ee728b)
Start importing Assets/Prefabs/Ball_American_01.prefab using Guid(b8da7a7a51800eb42b8b50c182b6be12) Importer(815301076,1909f56bfc062723c751e8b465ee728b)  -> (artifact id: '9b8a32f229accc24b6e9a365cd0b8ce5') in 0.075227 seconds 
  Import took 0.077566 seconds .

========================================================================
Received Import Request.
  Time since last request: 0.000155 seconds.
  path: Assets/Prefabs/Ball_8Ball.prefab
  artifactKey: Guid(87e93664ee053d145aeca4f1f0809425) Importer(815301076,1909f56bfc062723c751e8b465ee728b)
Start importing Assets/Prefabs/Ball_8Ball.prefab using Guid(87e93664ee053d145aeca4f1f0809425) Importer(815301076,1909f56bfc062723c751e8b465ee728b)  -> (artifact id: 'b90ef86775bd1b74c66d08ade39579d6') in 0.021007 seconds 
  Import took 0.023116 seconds .

========================================================================
Received Import Request.
  Time since last request: 0.000148 seconds.
  path: Assets/Scripts/Target.cs
  artifactKey: Guid(23eb03538bdccfe49af8d46aa2a576f8) Importer(815301076,1909f56bfc062723c751e8b465ee728b)
Start importing Assets/Scripts/Target.cs using Guid(23eb03538bdccfe49af8d46aa2a576f8) Importer(815301076,1909f56bfc062723c751e8b465ee728b)  -> (artifact id: 'b2e1838d5e2216cae2fad942ded06913') in 0.004572 seconds 
  Import took 0.006698 seconds .

========================================================================
Received Import Request.
  Time since last request: 0.000173 seconds.
  path: Assets/Prefabs/SM_Prop_Bomb_01.prefab
  artifactKey: Guid(1cce61dc7478b2b4aa6c0c7500a52810) Importer(815301076,1909f56bfc062723c751e8b465ee728b)
Start importing Assets/Prefabs/SM_Prop_Bomb_01.prefab using Guid(1cce61dc7478b2b4aa6c0c7500a52810) Importer(815301076,1909f56bfc062723c751e8b465ee728b)  -> (artifact id: 'b7d0f314d95cbce7ebfeaa266fee33e2') in 0.031301 seconds 
  Import took 0.033678 seconds .

========================================================================
Received Import Request.
  Time since last request: 0.000148 seconds.
  path: Assets/Prefabs/Ball_Cricket.prefab
  artifactKey: Guid(b6d43cf3468262042a29883bbfae6fad) Importer(815301076,1909f56bfc062723c751e8b465ee728b)
Start importing Assets/Prefabs/Ball_Cricket.prefab using Guid(b6d43cf3468262042a29883bbfae6fad) Importer(815301076,1909f56bfc062723c751e8b465ee728b)  -> (artifact id: '5aee172797a6d5408589e0a143484aca') in 0.012068 seconds 
  Import took 0.014363 seconds .

========================================================================
Received Import Request.
  Time since last request: 32.216147 seconds.
  path: Assets/Prefabs/Ball_8Ball.prefab
  artifactKey: Guid(87e93664ee053d145aeca4f1f0809425) Importer(815301076,1909f56bfc062723c751e8b465ee728b)
Start importing Assets/Prefabs/Ball_8Ball.prefab using Guid(87e93664ee053d145aeca4f1f0809425) Importer(815301076,1909f56bfc062723c751e8b465ee728b)  -> (artifact id: '4fb395ff6c8164e57df517ad59c0ab50') in 0.008705 seconds 
  Import took 0.011952 seconds .

========================================================================
Received Import Request.
  Time since last request: 2.592422 seconds.
  path: Assets/Prefabs/Ball_American_01.prefab
  artifactKey: Guid(b8da7a7a51800eb42b8b50c182b6be12) Importer(815301076,1909f56bfc062723c751e8b465ee728b)
Start importing Assets/Prefabs/Ball_American_01.prefab using Guid(b8da7a7a51800eb42b8b50c182b6be12) Importer(815301076,1909f56bfc062723c751e8b465ee728b)  -> (artifact id: '415cb864654f71ce8fbdd4da21284168') in 0.007980 seconds 
  Import took 0.010555 seconds .

========================================================================
Received Import Request.
  Time since last request: 3.138699 seconds.
  path: Assets/Prefabs/Ball_Cricket.prefab
  artifactKey: Guid(b6d43cf3468262042a29883bbfae6fad) Importer(815301076,1909f56bfc062723c751e8b465ee728b)
Start importing Assets/Prefabs/Ball_Cricket.prefab using Guid(b6d43cf3468262042a29883bbfae6fad) Importer(815301076,1909f56bfc062723c751e8b465ee728b)  -> (artifact id: '3212b262819db789b62c29ce82a794f3') in 0.009694 seconds 
  Import took 0.012445 seconds .

========================================================================
Received Import Request.
  Time since last request: 3.905985 seconds.
  path: Assets/Prefabs/SM_Prop_Bomb_01.prefab
  artifactKey: Guid(1cce61dc7478b2b4aa6c0c7500a52810) Importer(815301076,1909f56bfc062723c751e8b465ee728b)
Start importing Assets/Prefabs/SM_Prop_Bomb_01.prefab using Guid(1cce61dc7478b2b4aa6c0c7500a52810) Importer(815301076,1909f56bfc062723c751e8b465ee728b)  -> (artifact id: 'b4ae81d121904a4618537c4e361ed6d4') in 0.019586 seconds 
  Import took 0.022642 seconds .

========================================================================
Received Prepare
Registering precompiled user dll's ...
Registered in 0.003552 seconds.
Begin MonoManager ReloadAssembly
Native extension for WindowsStandalone target not found
Refreshing native plugins compatible for Editor in 0.53 ms, found 2 plugins.
Preloading 0 native plugins for Editor in 0.00 ms.
Mono: successfully reloaded assembly
- Completed reload, in  0.727 seconds
Domain Reload Profiling:
	ReloadAssembly (728ms)
		BeginReloadAssembly (85ms)
			ExecutionOrderSort (0ms)
			DisableScriptedObjects (3ms)
			BackupInstance (0ms)
			ReleaseScriptingObjects (0ms)
			CreateAndSetChildDomain (29ms)
		EndReloadAssembly (594ms)
			LoadAssemblies (62ms)
			RebuildTransferFunctionScriptingTraits (0ms)
			SetupTypeCache (209ms)
			ReleaseScriptCaches (1ms)
			RebuildScriptCaches (27ms)
			SetupLoadedEditorAssemblies (219ms)
				LogAssemblyErrors (0ms)
				InitializePlatformSupportModulesInManaged (4ms)
				SetLoadedEditorAssemblies (0ms)
				RefreshPlugins (1ms)
				BeforeProcessingInitializeOnLoad (40ms)
				ProcessInitializeOnLoadAttributes (162ms)
				ProcessInitializeOnLoadMethodAttributes (7ms)
				AfterProcessingInitializeOnLoad (5ms)
				EditorAssembliesLoaded (0ms)
			ExecutionOrderSort2 (0ms)
			AwakeInstancesAfterBackupRestoration (6ms)
Platform modules already initialized, skipping
Refreshing native plugins compatible for Editor in 0.35 ms, found 2 plugins.
Preloading 0 native plugins for Editor in 0.00 ms.
Unloading 1485 Unused Serialized files (Serialized files now loaded: 0)
System memory in use before: 72.2 MB.
System memory in use after: 72.3 MB.

Unloading 14 unused Assets to reduce memory usage. Loaded Objects now: 1946.
Total: 2.932500 ms (FindLiveObjects: 0.181600 ms CreateObjectMapping: 0.044700 ms MarkObjects: 2.686800 ms  DeleteObjects: 0.018400 ms)

AssetImportParameters requested are different than current active one (requested -> active):
  custom:framework-win-MediaFoundation: 216162199b28c13a410421893ffa2e32 -> 
  custom:video-decoder-ogg-theora: a1e56fd34408186e4bbccfd4996cb3dc -> 
  custom:container-muxer-webm: aa71ff27fc2769a1b78a27578f13a17b -> 
  custom:container-demuxer-webm: 4f35f7cbe854078d1ac9338744f61a02 -> 
  custom:container-demuxer-ogg: 62fdf1f143b41e24485cea50d1cbac27 -> 
  custom:video-encoder-webm-vp8: eb34c28f22e8b96e1ab97ce403110664 -> 
  custom:video-decoder-webm-vp8: 9c59270c3fd7afecdb556c50c9e8de78 -> 
  custom:audio-decoder-ogg-vorbis: bf7c407c2cedff20999df2af8eb42d56 -> 
  custom:audio-encoder-webm-vorbis: bf7c407c2cedff20999df2af8eb42d56 -> 
========================================================================
Received Prepare
Registering precompiled user dll's ...
Registered in 0.003518 seconds.
Begin MonoManager ReloadAssembly
Native extension for WindowsStandalone target not found
Refreshing native plugins compatible for Editor in 0.36 ms, found 2 plugins.
Preloading 0 native plugins for Editor in 0.00 ms.
Mono: successfully reloaded assembly
- Completed reload, in  0.686 seconds
Domain Reload Profiling:
	ReloadAssembly (687ms)
		BeginReloadAssembly (94ms)
			ExecutionOrderSort (0ms)
			DisableScriptedObjects (3ms)
			BackupInstance (0ms)
			ReleaseScriptingObjects (0ms)
			CreateAndSetChildDomain (27ms)
		EndReloadAssembly (548ms)
			LoadAssemblies (60ms)
			RebuildTransferFunctionScriptingTraits (0ms)
			SetupTypeCache (190ms)
			ReleaseScriptCaches (1ms)
			RebuildScriptCaches (25ms)
			SetupLoadedEditorAssemblies (205ms)
				LogAssemblyErrors (0ms)
				InitializePlatformSupportModulesInManaged (4ms)
				SetLoadedEditorAssemblies (0ms)
				RefreshPlugins (0ms)
				BeforeProcessingInitializeOnLoad (39ms)
				ProcessInitializeOnLoadAttributes (150ms)
				ProcessInitializeOnLoadMethodAttributes (7ms)
				AfterProcessingInitializeOnLoad (5ms)
				EditorAssembliesLoaded (0ms)
			ExecutionOrderSort2 (0ms)
			AwakeInstancesAfterBackupRestoration (5ms)
Platform modules already initialized, skipping
Refreshing native plugins compatible for Editor in 0.36 ms, found 2 plugins.
Preloading 0 native plugins for Editor in 0.00 ms.
Unloading 1485 Unused Serialized files (Serialized files now loaded: 0)
System memory in use before: 72.3 MB.
System memory in use after: 72.4 MB.

Unloading 14 unused Assets to reduce memory usage. Loaded Objects now: 1948.
Total: 2.508200 ms (FindLiveObjects: 0.150400 ms CreateObjectMapping: 0.031400 ms MarkObjects: 2.306600 ms  DeleteObjects: 0.019000 ms)

AssetImportParameters requested are different than current active one (requested -> active):
  custom:framework-win-MediaFoundation: 216162199b28c13a410421893ffa2e32 -> 
  custom:video-decoder-ogg-theora: a1e56fd34408186e4bbccfd4996cb3dc -> 
  custom:container-muxer-webm: aa71ff27fc2769a1b78a27578f13a17b -> 
  custom:container-demuxer-webm: 4f35f7cbe854078d1ac9338744f61a02 -> 
  custom:container-demuxer-ogg: 62fdf1f143b41e24485cea50d1cbac27 -> 
  custom:video-encoder-webm-vp8: eb34c28f22e8b96e1ab97ce403110664 -> 
  custom:video-decoder-webm-vp8: 9c59270c3fd7afecdb556c50c9e8de78 -> 
  custom:audio-decoder-ogg-vorbis: bf7c407c2cedff20999df2af8eb42d56 -> 
  custom:audio-encoder-webm-vorbis: bf7c407c2cedff20999df2af8eb42d56 -> 
========================================================================
Received Prepare
Registering precompiled user dll's ...
Registered in 0.003908 seconds.
Begin MonoManager ReloadAssembly
Native extension for WindowsStandalone target not found
Refreshing native plugins compatible for Editor in 0.38 ms, found 2 plugins.
Preloading 0 native plugins for Editor in 0.00 ms.
Mono: successfully reloaded assembly
- Completed reload, in  0.822 seconds
Domain Reload Profiling:
	ReloadAssembly (823ms)
		BeginReloadAssembly (117ms)
			ExecutionOrderSort (0ms)
			DisableScriptedObjects (5ms)
			BackupInstance (0ms)
			ReleaseScriptingObjects (0ms)
			CreateAndSetChildDomain (44ms)
		EndReloadAssembly (652ms)
			LoadAssemblies (81ms)
			RebuildTransferFunctionScriptingTraits (0ms)
			SetupTypeCache (235ms)
			ReleaseScriptCaches (1ms)
			RebuildScriptCaches (34ms)
			SetupLoadedEditorAssemblies (224ms)
				LogAssemblyErrors (0ms)
				InitializePlatformSupportModulesInManaged (5ms)
				SetLoadedEditorAssemblies (0ms)
				RefreshPlugins (0ms)
				BeforeProcessingInitializeOnLoad (43ms)
				ProcessInitializeOnLoadAttributes (163ms)
				ProcessInitializeOnLoadMethodAttributes (7ms)
				AfterProcessingInitializeOnLoad (5ms)
				EditorAssembliesLoaded (0ms)
			ExecutionOrderSort2 (0ms)
			AwakeInstancesAfterBackupRestoration (5ms)
Platform modules already initialized, skipping
Refreshing native plugins compatible for Editor in 0.44 ms, found 2 plugins.
Preloading 0 native plugins for Editor in 0.00 ms.
Unloading 1485 Unused Serialized files (Serialized files now loaded: 0)
System memory in use before: 72.3 MB.
System memory in use after: 72.4 MB.

Unloading 14 unused Assets to reduce memory usage. Loaded Objects now: 1950.
Total: 2.358000 ms (FindLiveObjects: 0.137300 ms CreateObjectMapping: 0.036600 ms MarkObjects: 2.166300 ms  DeleteObjects: 0.017100 ms)

AssetImportParameters requested are different than current active one (requested -> active):
  custom:framework-win-MediaFoundation: 216162199b28c13a410421893ffa2e32 -> 
  custom:video-decoder-ogg-theora: a1e56fd34408186e4bbccfd4996cb3dc -> 
  custom:container-muxer-webm: aa71ff27fc2769a1b78a27578f13a17b -> 
  custom:container-demuxer-webm: 4f35f7cbe854078d1ac9338744f61a02 -> 
  custom:container-demuxer-ogg: 62fdf1f143b41e24485cea50d1cbac27 -> 
  custom:video-encoder-webm-vp8: eb34c28f22e8b96e1ab97ce403110664 -> 
  custom:video-decoder-webm-vp8: 9c59270c3fd7afecdb556c50c9e8de78 -> 
  custom:audio-decoder-ogg-vorbis: bf7c407c2cedff20999df2af8eb42d56 -> 
  custom:audio-encoder-webm-vorbis: bf7c407c2cedff20999df2af8eb42d56 -> 
========================================================================
Received Prepare
Registering precompiled user dll's ...
Registered in 0.003047 seconds.
Begin MonoManager ReloadAssembly
Native extension for WindowsStandalone target not found
Refreshing native plugins compatible for Editor in 0.39 ms, found 2 plugins.
Preloading 0 native plugins for Editor in 0.00 ms.
Mono: successfully reloaded assembly
- Completed reload, in  0.774 seconds
Domain Reload Profiling:
	ReloadAssembly (774ms)
		BeginReloadAssembly (100ms)
			ExecutionOrderSort (0ms)
			DisableScriptedObjects (3ms)
			BackupInstance (0ms)
			ReleaseScriptingObjects (0ms)
			CreateAndSetChildDomain (31ms)
		EndReloadAssembly (617ms)
			LoadAssemblies (70ms)
			RebuildTransferFunctionScriptingTraits (0ms)
			SetupTypeCache (222ms)
			ReleaseScriptCaches (1ms)
			RebuildScriptCaches (27ms)
			SetupLoadedEditorAssemblies (229ms)
				LogAssemblyErrors (0ms)
				InitializePlatformSupportModulesInManaged (4ms)
				SetLoadedEditorAssemblies (0ms)
				RefreshPlugins (0ms)
				BeforeProcessingInitializeOnLoad (53ms)
				ProcessInitializeOnLoadAttributes (159ms)
				ProcessInitializeOnLoadMethodAttributes (7ms)
				AfterProcessingInitializeOnLoad (5ms)
				EditorAssembliesLoaded (0ms)
			ExecutionOrderSort2 (0ms)
			AwakeInstancesAfterBackupRestoration (5ms)
Platform modules already initialized, skipping
Refreshing native plugins compatible for Editor in 0.36 ms, found 2 plugins.
Preloading 0 native plugins for Editor in 0.00 ms.
Unloading 1485 Unused Serialized files (Serialized files now loaded: 0)
System memory in use before: 72.3 MB.
System memory in use after: 72.4 MB.

Unloading 14 unused Assets to reduce memory usage. Loaded Objects now: 1952.
Total: 2.422800 ms (FindLiveObjects: 0.135400 ms CreateObjectMapping: 0.032500 ms MarkObjects: 2.238600 ms  DeleteObjects: 0.015000 ms)

AssetImportParameters requested are different than current active one (requested -> active):
  custom:framework-win-MediaFoundation: 216162199b28c13a410421893ffa2e32 -> 
  custom:video-decoder-ogg-theora: a1e56fd34408186e4bbccfd4996cb3dc -> 
  custom:container-muxer-webm: aa71ff27fc2769a1b78a27578f13a17b -> 
  custom:container-demuxer-webm: 4f35f7cbe854078d1ac9338744f61a02 -> 
  custom:container-demuxer-ogg: 62fdf1f143b41e24485cea50d1cbac27 -> 
  custom:video-encoder-webm-vp8: eb34c28f22e8b96e1ab97ce403110664 -> 
  custom:video-decoder-webm-vp8: 9c59270c3fd7afecdb556c50c9e8de78 -> 
  custom:audio-decoder-ogg-vorbis: bf7c407c2cedff20999df2af8eb42d56 -> 
  custom:audio-encoder-webm-vorbis: bf7c407c2cedff20999df2af8eb42d56 -> 
========================================================================
Received Import Request.
  Time since last request: 3317.731203 seconds.
  path: Assets/Prefabs/Ball_American_01.prefab
  artifactKey: Guid(b8da7a7a51800eb42b8b50c182b6be12) Importer(815301076,1909f56bfc062723c751e8b465ee728b)
Start importing Assets/Prefabs/Ball_American_01.prefab using Guid(b8da7a7a51800eb42b8b50c182b6be12) Importer(815301076,1909f56bfc062723c751e8b465ee728b)  -> (artifact id: '3c4b7739ea025a1e0792604ed38eb949') in 0.053468 seconds 
  Import took 0.056033 seconds .

========================================================================
Received Import Request.
  Time since last request: 17.306845 seconds.
  path: Assets/Prefabs/Ball_American_01.prefab
  artifactKey: Guid(b8da7a7a51800eb42b8b50c182b6be12) Importer(815301076,1909f56bfc062723c751e8b465ee728b)
Start importing Assets/Prefabs/Ball_American_01.prefab using Guid(b8da7a7a51800eb42b8b50c182b6be12) Importer(815301076,1909f56bfc062723c751e8b465ee728b)  -> (artifact id: '3c2d9c113e3fdeb0da827effe37d571e') in 0.020658 seconds 
  Import took 0.023860 seconds .

========================================================================
Received Import Request.
  Time since last request: 11.860791 seconds.
  path: Assets/Prefabs/Ball_American_01.prefab
  artifactKey: Guid(b8da7a7a51800eb42b8b50c182b6be12) Importer(815301076,1909f56bfc062723c751e8b465ee728b)
Start importing Assets/Prefabs/Ball_American_01.prefab using Guid(b8da7a7a51800eb42b8b50c182b6be12) Importer(815301076,1909f56bfc062723c751e8b465ee728b)  -> (artifact id: '4b5853c43c69e2fc56ff6ddb9523bbe8') in 0.010221 seconds 
  Import took 0.013510 seconds .

========================================================================
Received Import Request.
  Time since last request: 29.584452 seconds.
  path: Assets/Prefabs/Ball_8Ball.prefab
  artifactKey: Guid(87e93664ee053d145aeca4f1f0809425) Importer(815301076,1909f56bfc062723c751e8b465ee728b)
Start importing Assets/Prefabs/Ball_8Ball.prefab using Guid(87e93664ee053d145aeca4f1f0809425) Importer(815301076,1909f56bfc062723c751e8b465ee728b)  -> (artifact id: '85efcd5f55d9983d0f9012b27b960952') in 0.016866 seconds 
  Import took 0.019739 seconds .

========================================================================
Received Import Request.
  Time since last request: 15.440261 seconds.
  path: Assets/Prefabs/Ball_8Ball.prefab
  artifactKey: Guid(87e93664ee053d145aeca4f1f0809425) Importer(815301076,1909f56bfc062723c751e8b465ee728b)
Start importing Assets/Prefabs/Ball_8Ball.prefab using Guid(87e93664ee053d145aeca4f1f0809425) Importer(815301076,1909f56bfc062723c751e8b465ee728b)  -> (artifact id: '569414a688e8b8809f130cf5c92c87f0') in 0.008891 seconds 
  Import took 0.011618 seconds .

========================================================================
Received Prepare
Registering precompiled user dll's ...
Registered in 0.003768 seconds.
Begin MonoManager ReloadAssembly
Native extension for WindowsStandalone target not found
Refreshing native plugins compatible for Editor in 0.66 ms, found 2 plugins.
Preloading 0 native plugins for Editor in 0.00 ms.
Mono: successfully reloaded assembly
- Completed reload, in  0.715 seconds
Domain Reload Profiling:
	ReloadAssembly (715ms)
		BeginReloadAssembly (97ms)
			ExecutionOrderSort (0ms)
			DisableScriptedObjects (3ms)
			BackupInstance (0ms)
			ReleaseScriptingObjects (0ms)
			CreateAndSetChildDomain (35ms)
		EndReloadAssembly (571ms)
			LoadAssemblies (67ms)
			RebuildTransferFunctionScriptingTraits (0ms)
			SetupTypeCache (201ms)
			ReleaseScriptCaches (1ms)
			RebuildScriptCaches (25ms)
			SetupLoadedEditorAssemblies (207ms)
				LogAssemblyErrors (0ms)
				InitializePlatformSupportModulesInManaged (4ms)
				SetLoadedEditorAssemblies (0ms)
				RefreshPlugins (1ms)
				BeforeProcessingInitializeOnLoad (39ms)
				ProcessInitializeOnLoadAttributes (151ms)
				ProcessInitializeOnLoadMethodAttributes (7ms)
				AfterProcessingInitializeOnLoad (5ms)
				EditorAssembliesLoaded (0ms)
			ExecutionOrderSort2 (0ms)
			AwakeInstancesAfterBackupRestoration (5ms)
Platform modules already initialized, skipping
Refreshing native plugins compatible for Editor in 0.35 ms, found 2 plugins.
Preloading 0 native plugins for Editor in 0.00 ms.
Unloading 1485 Unused Serialized files (Serialized files now loaded: 0)
System memory in use before: 72.3 MB.
System memory in use after: 72.4 MB.

Unloading 14 unused Assets to reduce memory usage. Loaded Objects now: 1955.
Total: 2.295900 ms (FindLiveObjects: 0.142600 ms CreateObjectMapping: 0.035500 ms MarkObjects: 2.103300 ms  DeleteObjects: 0.013700 ms)

AssetImportParameters requested are different than current active one (requested -> active):
  custom:framework-win-MediaFoundation: 216162199b28c13a410421893ffa2e32 -> 
  custom:video-decoder-ogg-theora: a1e56fd34408186e4bbccfd4996cb3dc -> 
  custom:container-muxer-webm: aa71ff27fc2769a1b78a27578f13a17b -> 
  custom:container-demuxer-webm: 4f35f7cbe854078d1ac9338744f61a02 -> 
  custom:container-demuxer-ogg: 62fdf1f143b41e24485cea50d1cbac27 -> 
  custom:video-encoder-webm-vp8: eb34c28f22e8b96e1ab97ce403110664 -> 
  custom:video-decoder-webm-vp8: 9c59270c3fd7afecdb556c50c9e8de78 -> 
  custom:audio-decoder-ogg-vorbis: bf7c407c2cedff20999df2af8eb42d56 -> 
  custom:audio-encoder-webm-vorbis: bf7c407c2cedff20999df2af8eb42d56 -> 
========================================================================
Received Import Request.
  Time since last request: 91.469638 seconds.
  path: Assets/Scripts/Target.cs
  artifactKey: Guid(23eb03538bdccfe49af8d46aa2a576f8) Importer(815301076,1909f56bfc062723c751e8b465ee728b)
Start importing Assets/Scripts/Target.cs using Guid(23eb03538bdccfe49af8d46aa2a576f8) Importer(815301076,1909f56bfc062723c751e8b465ee728b)  -> (artifact id: 'ea02840beddb6e08e567ffb8dd9637da') in 0.004084 seconds 
  Import took 0.006532 seconds .

========================================================================
Received Import Request.
  Time since last request: 126.814410 seconds.
  path: Assets/Scripts/Target.cs
  artifactKey: Guid(23eb03538bdccfe49af8d46aa2a576f8) Importer(815301076,1909f56bfc062723c751e8b465ee728b)
Start importing Assets/Scripts/Target.cs using Guid(23eb03538bdccfe49af8d46aa2a576f8) Importer(815301076,1909f56bfc062723c751e8b465ee728b)  -> (artifact id: '54c14f5207327ae14e6cce135abdaf4b') in 0.002055 seconds 
  Import took 0.004373 seconds .

========================================================================
Received Import Request.
  Time since last request: 69.692612 seconds.
  path: Assets/Scripts/Target.cs
  artifactKey: Guid(23eb03538bdccfe49af8d46aa2a576f8) Importer(815301076,1909f56bfc062723c751e8b465ee728b)
Start importing Assets/Scripts/Target.cs using Guid(23eb03538bdccfe49af8d46aa2a576f8) Importer(815301076,1909f56bfc062723c751e8b465ee728b)  -> (artifact id: '9535cd592f74e1b8e34c15b7f53752cc') in 0.001778 seconds 
  Import took 0.004021 seconds .

========================================================================
Received Import Request.
  Time since last request: 24.383057 seconds.
  path: Assets/Scripts/Target.cs
  artifactKey: Guid(23eb03538bdccfe49af8d46aa2a576f8) Importer(815301076,1909f56bfc062723c751e8b465ee728b)
Start importing Assets/Scripts/Target.cs using Guid(23eb03538bdccfe49af8d46aa2a576f8) Importer(815301076,1909f56bfc062723c751e8b465ee728b)  -> (artifact id: '14db82598849cdca3f3e3698b503ad10') in 0.001666 seconds 
  Import took 0.003828 seconds .

========================================================================
Received Import Request.
  Time since last request: 31.063436 seconds.
  path: Assets/Scripts/Target.cs
  artifactKey: Guid(23eb03538bdccfe49af8d46aa2a576f8) Importer(815301076,1909f56bfc062723c751e8b465ee728b)
Start importing Assets/Scripts/Target.cs using Guid(23eb03538bdccfe49af8d46aa2a576f8) Importer(815301076,1909f56bfc062723c751e8b465ee728b)  -> (artifact id: 'adbc151e9f9b5f8e38333f16234c4d00') in 0.001978 seconds 
  Import took 0.004237 seconds .

========================================================================
Received Prepare
Registering precompiled user dll's ...
Registered in 0.002895 seconds.
Begin MonoManager ReloadAssembly
Native extension for WindowsStandalone target not found
Refreshing native plugins compatible for Editor in 0.40 ms, found 2 plugins.
Preloading 0 native plugins for Editor in 0.00 ms.
Mono: successfully reloaded assembly
- Completed reload, in  0.691 seconds
Domain Reload Profiling:
	ReloadAssembly (692ms)
		BeginReloadAssembly (96ms)
			ExecutionOrderSort (0ms)
			DisableScriptedObjects (4ms)
			BackupInstance (0ms)
			ReleaseScriptingObjects (0ms)
			CreateAndSetChildDomain (34ms)
		EndReloadAssembly (544ms)
			LoadAssemblies (64ms)
			RebuildTransferFunctionScriptingTraits (0ms)
			SetupTypeCache (188ms)
			ReleaseScriptCaches (1ms)
			RebuildScriptCaches (25ms)
			SetupLoadedEditorAssemblies (203ms)
				LogAssemblyErrors (0ms)
				InitializePlatformSupportModulesInManaged (4ms)
				SetLoadedEditorAssemblies (0ms)
				RefreshPlugins (0ms)
				BeforeProcessingInitializeOnLoad (38ms)
				ProcessInitializeOnLoadAttributes (149ms)
				ProcessInitializeOnLoadMethodAttributes (7ms)
				AfterProcessingInitializeOnLoad (5ms)
				EditorAssembliesLoaded (0ms)
			ExecutionOrderSort2 (0ms)
			AwakeInstancesAfterBackupRestoration (5ms)
Platform modules already initialized, skipping
Refreshing native plugins compatible for Editor in 0.35 ms, found 2 plugins.
Preloading 0 native plugins for Editor in 0.00 ms.
Unloading 1485 Unused Serialized files (Serialized files now loaded: 0)
System memory in use before: 72.4 MB.
System memory in use after: 72.5 MB.

Unloading 14 unused Assets to reduce memory usage. Loaded Objects now: 1957.
Total: 2.322200 ms (FindLiveObjects: 0.146300 ms CreateObjectMapping: 0.035600 ms MarkObjects: 2.126300 ms  DeleteObjects: 0.013200 ms)

AssetImportParameters requested are different than current active one (requested -> active):
  custom:framework-win-MediaFoundation: 216162199b28c13a410421893ffa2e32 -> 
  custom:video-decoder-ogg-theora: a1e56fd34408186e4bbccfd4996cb3dc -> 
  custom:container-muxer-webm: aa71ff27fc2769a1b78a27578f13a17b -> 
  custom:container-demuxer-webm: 4f35f7cbe854078d1ac9338744f61a02 -> 
  custom:container-demuxer-ogg: 62fdf1f143b41e24485cea50d1cbac27 -> 
  custom:video-encoder-webm-vp8: eb34c28f22e8b96e1ab97ce403110664 -> 
  custom:video-decoder-webm-vp8: 9c59270c3fd7afecdb556c50c9e8de78 -> 
  custom:audio-decoder-ogg-vorbis: bf7c407c2cedff20999df2af8eb42d56 -> 
  custom:audio-encoder-webm-vorbis: bf7c407c2cedff20999df2af8eb42d56 -> 
========================================================================
Received Import Request.
  Time since last request: 53.132712 seconds.
  path: Assets/Scripts/Target.cs
  artifactKey: Guid(23eb03538bdccfe49af8d46aa2a576f8) Importer(815301076,1909f56bfc062723c751e8b465ee728b)
Start importing Assets/Scripts/Target.cs using Guid(23eb03538bdccfe49af8d46aa2a576f8) Importer(815301076,1909f56bfc062723c751e8b465ee728b)  -> (artifact id: '017e73695393c3f44c4f9739ff121d67') in 0.003785 seconds 
  Import took 0.005983 seconds .

========================================================================
Received Import Request.
  Time since last request: 19.024860 seconds.
  path: Assets/Prefabs/Ball_8Ball.prefab
  artifactKey: Guid(87e93664ee053d145aeca4f1f0809425) Importer(815301076,1909f56bfc062723c751e8b465ee728b)
Start importing Assets/Prefabs/Ball_8Ball.prefab using Guid(87e93664ee053d145aeca4f1f0809425) Importer(815301076,1909f56bfc062723c751e8b465ee728b)  -> (artifact id: 'c5ba17a96fb391c2c96d99a5ccd974df') in 0.041515 seconds 
  Import took 0.043900 seconds .

========================================================================
Received Import Request.
  Time since last request: 0.000178 seconds.
  path: Assets/Prefabs/Ball_American_01.prefab
  artifactKey: Guid(b8da7a7a51800eb42b8b50c182b6be12) Importer(815301076,1909f56bfc062723c751e8b465ee728b)
Start importing Assets/Prefabs/Ball_American_01.prefab using Guid(b8da7a7a51800eb42b8b50c182b6be12) Importer(815301076,1909f56bfc062723c751e8b465ee728b)  -> (artifact id: '30494791d119af4eee8d361cc43eb0b6') in 0.027891 seconds 
  Import took 0.030447 seconds .

========================================================================
Received Import Request.
  Time since last request: 0.000158 seconds.
  path: Assets/Prefabs/SM_Prop_Bomb_01.prefab
  artifactKey: Guid(1cce61dc7478b2b4aa6c0c7500a52810) Importer(815301076,1909f56bfc062723c751e8b465ee728b)
Start importing Assets/Prefabs/SM_Prop_Bomb_01.prefab using Guid(1cce61dc7478b2b4aa6c0c7500a52810) Importer(815301076,1909f56bfc062723c751e8b465ee728b)  -> (artifact id: '3a013240ad04508fec76439df4b2923a') in 0.033646 seconds 
  Import took 0.036249 seconds .

========================================================================
Received Import Request.
  Time since last request: 0.000232 seconds.
  path: Assets/Prefabs/Ball_Cricket.prefab
  artifactKey: Guid(b6d43cf3468262042a29883bbfae6fad) Importer(815301076,1909f56bfc062723c751e8b465ee728b)
Start importing Assets/Prefabs/Ball_Cricket.prefab using Guid(b6d43cf3468262042a29883bbfae6fad) Importer(815301076,1909f56bfc062723c751e8b465ee728b)  -> (artifact id: '2355ff03cb3b641998bf288865e5309b') in 0.015779 seconds 
  Import took 0.018508 seconds .

========================================================================
Received Import Request.
  Time since last request: 30.699223 seconds.
  path: Assets/Course Library/Particles/Explosion_Black.prefab
  artifactKey: Guid(c7ad2532a6eeb40b59033c75e71fa054) Importer(815301076,1909f56bfc062723c751e8b465ee728b)
Start importing Assets/Course Library/Particles/Explosion_Black.prefab using Guid(c7ad2532a6eeb40b59033c75e71fa054) Importer(815301076,1909f56bfc062723c751e8b465ee728b)  -> (artifact id: 'c61bbb9f04cd46cfdb8fcbfb13678ef2') in 0.013035 seconds 
  Import took 0.015481 seconds .

========================================================================
Received Import Request.
  Time since last request: 0.000141 seconds.
  path: Assets/Course Library/Particles/Explosion_Grey.prefab
  artifactKey: Guid(ac10190cf200c4f7e881ca8e41d3d760) Importer(815301076,1909f56bfc062723c751e8b465ee728b)
Start importing Assets/Course Library/Particles/Explosion_Grey.prefab using Guid(ac10190cf200c4f7e881ca8e41d3d760) Importer(815301076,1909f56bfc062723c751e8b465ee728b)  -> (artifact id: '85c6ea89cc3ff938dcf19ea4dd5ee4d3') in 0.011224 seconds 
  Import took 0.013300 seconds .

========================================================================
Received Import Request.
  Time since last request: 0.000140 seconds.
  path: Assets/Course Library/Particles/Explosion_Brown.prefab
  artifactKey: Guid(70a1428e5f80a4866a779ef1ab9fe521) Importer(815301076,1909f56bfc062723c751e8b465ee728b)
Start importing Assets/Course Library/Particles/Explosion_Brown.prefab using Guid(70a1428e5f80a4866a779ef1ab9fe521) Importer(815301076,1909f56bfc062723c751e8b465ee728b)  -> (artifact id: '603d6f1d485a7cd3ee7e44b4d985a635') in 0.010903 seconds 
  Import took 0.013032 seconds .

========================================================================
Received Import Request.
  Time since last request: 0.000175 seconds.
  path: Assets/Course Library/Particles/Explosion_Orange.prefab
  artifactKey: Guid(ec46c8c4a3cbc429382ee48bd9169b45) Importer(815301076,1909f56bfc062723c751e8b465ee728b)
Start importing Assets/Course Library/Particles/Explosion_Orange.prefab using Guid(ec46c8c4a3cbc429382ee48bd9169b45) Importer(815301076,1909f56bfc062723c751e8b465ee728b)  -> (artifact id: '9ae6c7a6a305173c51bb0d67cb90441e') in 0.013336 seconds 
  Import took 0.016535 seconds .

========================================================================
Received Import Request.
  Time since last request: 0.000208 seconds.
  path: Assets/Course Library/Particles/Explosion_Pink.prefab
  artifactKey: Guid(7b4191607aae74c0ab244a8d6e48adbf) Importer(815301076,1909f56bfc062723c751e8b465ee728b)
Start importing Assets/Course Library/Particles/Explosion_Pink.prefab using Guid(7b4191607aae74c0ab244a8d6e48adbf) Importer(815301076,1909f56bfc062723c751e8b465ee728b)  -> (artifact id: 'efda5597a10874488d781b0371773528') in 0.012859 seconds 
  Import took 0.015511 seconds .

========================================================================
Received Import Request.
  Time since last request: 0.000160 seconds.
  path: Assets/Course Library/Particles/Explosion_Blue.prefab
  artifactKey: Guid(743ce290c74ae49c19aa3f128322fc7e) Importer(815301076,1909f56bfc062723c751e8b465ee728b)
Start importing Assets/Course Library/Particles/Explosion_Blue.prefab using Guid(743ce290c74ae49c19aa3f128322fc7e) Importer(815301076,1909f56bfc062723c751e8b465ee728b)  -> (artifact id: 'b59eb9e989842b3d274b50b85df03093') in 0.012694 seconds 
  Import took 0.015338 seconds .

========================================================================
Received Import Request.
  Time since last request: 0.000138 seconds.
  path: Assets/Course Library/Particles/Explosion_Green.prefab
  artifactKey: Guid(6cbc21f5e9162483993a2b84b14d5ac8) Importer(815301076,1909f56bfc062723c751e8b465ee728b)
Start importing Assets/Course Library/Particles/Explosion_Green.prefab using Guid(6cbc21f5e9162483993a2b84b14d5ac8) Importer(815301076,1909f56bfc062723c751e8b465ee728b)  -> (artifact id: 'f5acc78ed33e30cb204ddf71c10f10e6') in 0.013874 seconds 
  Import took 0.016170 seconds .

========================================================================
Received Import Request.
  Time since last request: 10.661535 seconds.
  path: Assets/Prefabs/Ball_8Ball.prefab
  artifactKey: Guid(87e93664ee053d145aeca4f1f0809425) Importer(815301076,1909f56bfc062723c751e8b465ee728b)
Start importing Assets/Prefabs/Ball_8Ball.prefab using Guid(87e93664ee053d145aeca4f1f0809425) Importer(815301076,1909f56bfc062723c751e8b465ee728b)  -> (artifact id: '261e82a9da4437822329fff8ca8bc014') in 0.010115 seconds 
  Import took 0.013022 seconds .

========================================================================
Received Import Request.
  Time since last request: 10.971596 seconds.
  path: Assets/Course Library/Particles/Explosion_Purple.prefab
  artifactKey: Guid(ef43e5aef41c142fb85a7658a397dc75) Importer(815301076,1909f56bfc062723c751e8b465ee728b)
Start importing Assets/Course Library/Particles/Explosion_Purple.prefab using Guid(ef43e5aef41c142fb85a7658a397dc75) Importer(815301076,1909f56bfc062723c751e8b465ee728b)  -> (artifact id: 'd2ad502ec15af03b3ad5261b4b9e53e5') in 0.012198 seconds 
  Import took 0.015105 seconds .

========================================================================
Received Import Request.
  Time since last request: 1.751922 seconds.
  path: Assets/Prefabs/Ball_American_01.prefab
  artifactKey: Guid(b8da7a7a51800eb42b8b50c182b6be12) Importer(815301076,1909f56bfc062723c751e8b465ee728b)
Start importing Assets/Prefabs/Ball_American_01.prefab using Guid(b8da7a7a51800eb42b8b50c182b6be12) Importer(815301076,1909f56bfc062723c751e8b465ee728b)  -> (artifact id: '4e3b1325e0f5fbe8de4d8d94d4ca1a93') in 0.011228 seconds 
  Import took 0.014045 seconds .

========================================================================
Received Import Request.
  Time since last request: 2.480068 seconds.
  path: Assets/Prefabs/Ball_American_01.prefab
  artifactKey: Guid(b8da7a7a51800eb42b8b50c182b6be12) Importer(815301076,1909f56bfc062723c751e8b465ee728b)
Start importing Assets/Prefabs/Ball_American_01.prefab using Guid(b8da7a7a51800eb42b8b50c182b6be12) Importer(815301076,1909f56bfc062723c751e8b465ee728b)  -> (artifact id: 'e34c517fbc21b658744dc7eb90160cfa') in 0.012532 seconds 
  Import took 0.016479 seconds .

========================================================================
Received Import Request.
  Time since last request: 8.594368 seconds.
  path: Assets/Course Library/Particles/Explosion_Red.prefab
  artifactKey: Guid(745208c9d6e104225bd99e1ab894e3bb) Importer(815301076,1909f56bfc062723c751e8b465ee728b)
Start importing Assets/Course Library/Particles/Explosion_Red.prefab using Guid(745208c9d6e104225bd99e1ab894e3bb) Importer(815301076,1909f56bfc062723c751e8b465ee728b)  -> (artifact id: 'a8890c7735b99e6f051a222df1b8e578') in 0.010466 seconds 
  Import took 0.013065 seconds .

========================================================================
Received Import Request.
  Time since last request: 0.047753 seconds.
  path: Assets/Course Library/Particles/Explosion_Yellow.prefab
  artifactKey: Guid(307229a5540374aae98859caad2128a3) Importer(815301076,1909f56bfc062723c751e8b465ee728b)
Start importing Assets/Course Library/Particles/Explosion_Yellow.prefab using Guid(307229a5540374aae98859caad2128a3) Importer(815301076,1909f56bfc062723c751e8b465ee728b)  -> (artifact id: '41f0acd4fe3c8d30c34d061f2168dc6d') in 0.011068 seconds 
  Import took 0.013780 seconds .

========================================================================
Received Import Request.
  Time since last request: 3.597916 seconds.
  path: Assets/Prefabs/Ball_Cricket.prefab
  artifactKey: Guid(b6d43cf3468262042a29883bbfae6fad) Importer(815301076,1909f56bfc062723c751e8b465ee728b)
Start importing Assets/Prefabs/Ball_Cricket.prefab using Guid(b6d43cf3468262042a29883bbfae6fad) Importer(815301076,1909f56bfc062723c751e8b465ee728b)  -> (artifact id: '27957f2339f95074c78696e22cab41a2') in 0.012358 seconds 
  Import took 0.015180 seconds .

========================================================================
Received Import Request.
  Time since last request: 2.493934 seconds.
  path: Assets/Prefabs/Ball_Cricket.prefab
  artifactKey: Guid(b6d43cf3468262042a29883bbfae6fad) Importer(815301076,1909f56bfc062723c751e8b465ee728b)
Start importing Assets/Prefabs/Ball_Cricket.prefab using Guid(b6d43cf3468262042a29883bbfae6fad) Importer(815301076,1909f56bfc062723c751e8b465ee728b)  -> (artifact id: 'e8a3984131bcb0328873143554b80125') in 0.012831 seconds 
  Import took 0.018306 seconds .

========================================================================
Received Prepare
Registering precompiled user dll's ...
Registered in 0.007698 seconds.
Begin MonoManager ReloadAssembly
Native extension for WindowsStandalone target not found
Refreshing native plugins compatible for Editor in 0.40 ms, found 2 plugins.
Preloading 0 native plugins for Editor in 0.00 ms.
Mono: successfully reloaded assembly
- Completed reload, in  0.863 seconds
Domain Reload Profiling:
	ReloadAssembly (864ms)
		BeginReloadAssembly (111ms)
			ExecutionOrderSort (0ms)
			DisableScriptedObjects (4ms)
			BackupInstance (0ms)
			ReleaseScriptingObjects (0ms)
			CreateAndSetChildDomain (33ms)
		EndReloadAssembly (694ms)
			LoadAssemblies (91ms)
			RebuildTransferFunctionScriptingTraits (0ms)
			SetupTypeCache (233ms)
			ReleaseScriptCaches (1ms)
			RebuildScriptCaches (37ms)
			SetupLoadedEditorAssemblies (255ms)
				LogAssemblyErrors (0ms)
				InitializePlatformSupportModulesInManaged (5ms)
				SetLoadedEditorAssemblies (0ms)
				RefreshPlugins (0ms)
				BeforeProcessingInitializeOnLoad (45ms)
				ProcessInitializeOnLoadAttributes (190ms)
				ProcessInitializeOnLoadMethodAttributes (8ms)
				AfterProcessingInitializeOnLoad (5ms)
				EditorAssembliesLoaded (0ms)
			ExecutionOrderSort2 (0ms)
			AwakeInstancesAfterBackupRestoration (6ms)
Platform modules already initialized, skipping
Refreshing native plugins compatible for Editor in 0.40 ms, found 2 plugins.
Preloading 0 native plugins for Editor in 0.00 ms.
Unloading 1485 Unused Serialized files (Serialized files now loaded: 0)
System memory in use before: 72.4 MB.
System memory in use after: 72.5 MB.

Unloading 14 unused Assets to reduce memory usage. Loaded Objects now: 1961.
Total: 6.448500 ms (FindLiveObjects: 0.150300 ms CreateObjectMapping: 0.037900 ms MarkObjects: 6.117400 ms  DeleteObjects: 0.140800 ms)

AssetImportParameters requested are different than current active one (requested -> active):
  custom:framework-win-MediaFoundation: 216162199b28c13a410421893ffa2e32 -> 
  custom:video-decoder-ogg-theora: a1e56fd34408186e4bbccfd4996cb3dc -> 
  custom:container-muxer-webm: aa71ff27fc2769a1b78a27578f13a17b -> 
  custom:container-demuxer-webm: 4f35f7cbe854078d1ac9338744f61a02 -> 
  custom:container-demuxer-ogg: 62fdf1f143b41e24485cea50d1cbac27 -> 
  custom:video-encoder-webm-vp8: eb34c28f22e8b96e1ab97ce403110664 -> 
  custom:video-decoder-webm-vp8: 9c59270c3fd7afecdb556c50c9e8de78 -> 
  custom:audio-decoder-ogg-vorbis: bf7c407c2cedff20999df2af8eb42d56 -> 
  custom:audio-encoder-webm-vorbis: bf7c407c2cedff20999df2af8eb42d56 -> 
========================================================================
Received Import Request.
  Time since last request: 35.396946 seconds.
  path: Assets/Prefabs/SM_Prop_Bomb_01.prefab
  artifactKey: Guid(1cce61dc7478b2b4aa6c0c7500a52810) Importer(815301076,1909f56bfc062723c751e8b465ee728b)
Start importing Assets/Prefabs/SM_Prop_Bomb_01.prefab using Guid(1cce61dc7478b2b4aa6c0c7500a52810) Importer(815301076,1909f56bfc062723c751e8b465ee728b)  -> (artifact id: '606ca7aa252784d64d9b1398e430ffab') in 0.059073 seconds 
  Import took 0.062139 seconds .

========================================================================
Received Import Request.
  Time since last request: 0.676992 seconds.
  path: Assets/Prefabs/SM_Prop_Bomb_01.prefab
  artifactKey: Guid(1cce61dc7478b2b4aa6c0c7500a52810) Importer(815301076,1909f56bfc062723c751e8b465ee728b)
Start importing Assets/Prefabs/SM_Prop_Bomb_01.prefab using Guid(1cce61dc7478b2b4aa6c0c7500a52810) Importer(815301076,1909f56bfc062723c751e8b465ee728b)  -> (artifact id: '5128ffdc96f91f80dc45754917add8ca') in 0.020345 seconds 
  Import took 0.023248 seconds .

========================================================================
Received Import Request.
  Time since last request: 10.418737 seconds.
  path: Assets/Prefabs/Ball_Cricket.prefab
  artifactKey: Guid(b6d43cf3468262042a29883bbfae6fad) Importer(815301076,1909f56bfc062723c751e8b465ee728b)
Start importing Assets/Prefabs/Ball_Cricket.prefab using Guid(b6d43cf3468262042a29883bbfae6fad) Importer(815301076,1909f56bfc062723c751e8b465ee728b)  -> (artifact id: 'f22fbedf8233cf08f7293d3f198ad840') in 0.010359 seconds 
  Import took 0.013227 seconds .

========================================================================
Received Import Request.
  Time since last request: 1.866253 seconds.
  path: Assets/Prefabs/Ball_Cricket.prefab
  artifactKey: Guid(b6d43cf3468262042a29883bbfae6fad) Importer(815301076,1909f56bfc062723c751e8b465ee728b)
Start importing Assets/Prefabs/Ball_Cricket.prefab using Guid(b6d43cf3468262042a29883bbfae6fad) Importer(815301076,1909f56bfc062723c751e8b465ee728b)  -> (artifact id: '68ed8bd4a3ebc5f24c4731844bf05fc3') in 0.010777 seconds 
  Import took 0.013859 seconds .

========================================================================
Received Import Request.
  Time since last request: 1.893595 seconds.
  path: Assets/Prefabs/Ball_Cricket.prefab
  artifactKey: Guid(b6d43cf3468262042a29883bbfae6fad) Importer(815301076,1909f56bfc062723c751e8b465ee728b)
Start importing Assets/Prefabs/Ball_Cricket.prefab using Guid(b6d43cf3468262042a29883bbfae6fad) Importer(815301076,1909f56bfc062723c751e8b465ee728b)  -> (artifact id: '4c7c5ac566af63de43eb2bfddc14bac0') in 0.008950 seconds 
  Import took 0.011907 seconds .

========================================================================
Received Import Request.
  Time since last request: 5.135172 seconds.
  path: Assets/Prefabs/Ball_Cricket.prefab
  artifactKey: Guid(b6d43cf3468262042a29883bbfae6fad) Importer(815301076,1909f56bfc062723c751e8b465ee728b)
Start importing Assets/Prefabs/Ball_Cricket.prefab using Guid(b6d43cf3468262042a29883bbfae6fad) Importer(815301076,1909f56bfc062723c751e8b465ee728b)  -> (artifact id: 'db6c97c69fde05769384029e66e13c56') in 0.011698 seconds 
  Import took 0.014546 seconds .

========================================================================
Received Import Request.
  Time since last request: 4.821678 seconds.
  path: Assets/Prefabs/Ball_Cricket.prefab
  artifactKey: Guid(b6d43cf3468262042a29883bbfae6fad) Importer(815301076,1909f56bfc062723c751e8b465ee728b)
Start importing Assets/Prefabs/Ball_Cricket.prefab using Guid(b6d43cf3468262042a29883bbfae6fad) Importer(815301076,1909f56bfc062723c751e8b465ee728b)  -> (artifact id: '9afdcdb07557e35cbee3788618e68eda') in 0.011554 seconds 
  Import took 0.014408 seconds .

========================================================================
Received Prepare
Registering precompiled user dll's ...
Registered in 0.004232 seconds.
Begin MonoManager ReloadAssembly
Native extension for WindowsStandalone target not found
Refreshing native plugins compatible for Editor in 0.42 ms, found 2 plugins.
Preloading 0 native plugins for Editor in 0.00 ms.
Mono: successfully reloaded assembly
- Completed reload, in  0.792 seconds
Domain Reload Profiling:
	ReloadAssembly (792ms)
		BeginReloadAssembly (93ms)
			ExecutionOrderSort (0ms)
			DisableScriptedObjects (3ms)
			BackupInstance (0ms)
			ReleaseScriptingObjects (0ms)
			CreateAndSetChildDomain (34ms)
		EndReloadAssembly (648ms)
			LoadAssemblies (68ms)
			RebuildTransferFunctionScriptingTraits (0ms)
			SetupTypeCache (221ms)
			ReleaseScriptCaches (1ms)
			RebuildScriptCaches (37ms)
			SetupLoadedEditorAssemblies (242ms)
				LogAssemblyErrors (0ms)
				InitializePlatformSupportModulesInManaged (5ms)
				SetLoadedEditorAssemblies (0ms)
				RefreshPlugins (0ms)
				BeforeProcessingInitializeOnLoad (44ms)
				ProcessInitializeOnLoadAttributes (178ms)
				ProcessInitializeOnLoadMethodAttributes (9ms)
				AfterProcessingInitializeOnLoad (5ms)
				EditorAssembliesLoaded (0ms)
			ExecutionOrderSort2 (0ms)
			AwakeInstancesAfterBackupRestoration (7ms)
Platform modules already initialized, skipping
Refreshing native plugins compatible for Editor in 0.42 ms, found 2 plugins.
Preloading 0 native plugins for Editor in 0.00 ms.
Unloading 1485 Unused Serialized files (Serialized files now loaded: 0)
System memory in use before: 72.4 MB.
System memory in use after: 72.5 MB.

Unloading 14 unused Assets to reduce memory usage. Loaded Objects now: 1964.
Total: 3.089300 ms (FindLiveObjects: 0.206400 ms CreateObjectMapping: 0.044800 ms MarkObjects: 2.815600 ms  DeleteObjects: 0.020900 ms)

AssetImportParameters requested are different than current active one (requested -> active):
  custom:framework-win-MediaFoundation: 216162199b28c13a410421893ffa2e32 -> 
  custom:video-decoder-ogg-theora: a1e56fd34408186e4bbccfd4996cb3dc -> 
  custom:container-muxer-webm: aa71ff27fc2769a1b78a27578f13a17b -> 
  custom:container-demuxer-webm: 4f35f7cbe854078d1ac9338744f61a02 -> 
  custom:container-demuxer-ogg: 62fdf1f143b41e24485cea50d1cbac27 -> 
  custom:video-encoder-webm-vp8: eb34c28f22e8b96e1ab97ce403110664 -> 
  custom:video-decoder-webm-vp8: 9c59270c3fd7afecdb556c50c9e8de78 -> 
  custom:audio-decoder-ogg-vorbis: bf7c407c2cedff20999df2af8eb42d56 -> 
  custom:audio-encoder-webm-vorbis: bf7c407c2cedff20999df2af8eb42d56 -> 
AssetImportWorkerClient::OnTransportError - code=2 error=End of file
